ene 29, 2018 10:57:27 PM player.Test initializeLog
INFORMACIÓN: Initializing
ene 29, 2018 10:57:29 PM player.Test analyzePeriods
INFORMACIÓN: [Coin - SELL] ADAETH 0,00028699 2017/12/01 16:00:00
ene 29, 2018 10:57:29 PM player.Test analyzePeriods
INFORMACIÓN: [Coin - BUY] ADAETH 0,00029200 2017/12/01 17:15:00
ene 29, 2018 10:57:29 PM player.Test analyzePeriods
INFORMACIÓN: [Coin - SELL] ADAETH 0,00027767 2017/12/01 18:15:00
ene 29, 2018 10:57:29 PM player.Test analyzePeriods
INFORMACIÓN: [Coin - BUY] ADAETH 0,00027800 2017/12/01 19:00:00
ene 29, 2018 10:57:29 PM player.Test analyzePeriods
INFORMACIÓN: [Coin - SELL] ADAETH 0,00028666 2017/12/02 08:00:00
ene 29, 2018 10:57:29 PM player.Test analyzePeriods
INFORMACIÓN: [Coin - BUY] ADAETH 0,00029499 2017/12/02 10:45:00
ene 29, 2018 10:57:29 PM player.Test analyzePeriods
INFORMACIÓN: [Coin - SELL] ADAETH 0,00028774 2017/12/02 16:30:00
ene 29, 2018 10:57:29 PM player.Test analyzePeriods
INFORMACIÓN: [Coin - SELL] ADAETH 0,00029000 2017/12/03 01:00:00
ene 29, 2018 10:57:29 PM player.Test analyzePeriods
INFORMACIÓN: [Coin - SELL] ADAETH 0,00028059 2017/12/03 15:30:00
ene 29, 2018 10:57:29 PM player.Test analyzePeriods
INFORMACIÓN: [Coin - SELL] ADAETH 0,00028400 2017/12/03 23:45:00
ene 29, 2018 10:57:29 PM player.Test analyzePeriods
INFORMACIÓN: [Coin - SELL] ADAETH 0,00029055 2017/12/04 13:45:00
ene 29, 2018 10:57:29 PM player.Test analyzePeriods
INFORMACIÓN: [Coin - SELL] ADAETH 0,00029400 2017/12/05 00:15:00
ene 29, 2018 10:57:29 PM player.Test analyzePeriods
INFORMACIÓN: [Coin - SELL] ADAETH 0,00028220 2017/12/05 16:30:00
ene 29, 2018 10:57:30 PM player.Test analyzePeriods
INFORMACIÓN: [Coin - SELL] ADAETH 0,00027200 2017/12/06 12:45:00
ene 29, 2018 10:57:30 PM player.Test analyzePeriods
INFORMACIÓN: [Coin - SELL] ADAETH 0,00029998 2017/12/06 23:30:00
ene 29, 2018 10:57:30 PM player.Test analyzePeriods
INFORMACIÓN: [Coin - SELL] ADAETH 0,00028104 2017/12/07 09:15:00
ene 29, 2018 10:57:30 PM player.Test analyzePeriods
INFORMACIÓN: [Coin - SELL] ADAETH 0,00025519 2017/12/08 23:45:00
ene 29, 2018 10:57:30 PM player.Test analyzePeriods
INFORMACIÓN: [Coin - SELL] ADAETH 0,00025798 2017/12/09 19:00:00
ene 29, 2018 10:57:30 PM player.Test analyzePeriods
INFORMACIÓN: [Coin - BUY] ADAETH 0,00027108 2017/12/09 21:00:00
ene 29, 2018 10:57:30 PM player.Test analyzePeriods
INFORMACIÓN: [Coin - SELL] ADAETH 0,00024550 2017/12/10 18:30:00
ene 29, 2018 10:57:30 PM player.Test analyzePeriods
INFORMACIÓN: [Coin - SELL] ADAETH 0,00024851 2017/12/11 03:30:00
ene 29, 2018 10:57:31 PM player.Test analyzePeriods
INFORMACIÓN: [Coin - BUY] ADAETH 0,00024990 2017/12/11 17:00:00
ene 29, 2018 10:57:31 PM player.Test analyzePeriods
INFORMACIÓN: [Coin - SELL] ADAETH 0,00024710 2017/12/11 21:00:00
ene 29, 2018 10:57:31 PM player.Test analyzePeriods
INFORMACIÓN: [Coin - BUY] ADAETH 0,00025289 2017/12/11 23:15:00
ene 29, 2018 10:57:31 PM player.Test analyzePeriods
INFORMACIÓN: [Coin - SELL] ADAETH 0,00021808 2017/12/12 12:30:00
ene 29, 2018 10:57:31 PM player.Test analyzePeriods
INFORMACIÓN: [Coin - SELL] ADAETH 0,00019980 2017/12/13 01:30:00
ene 29, 2018 10:57:31 PM player.Test analyzePeriods
INFORMACIÓN: [Coin - SELL] ADAETH 0,00019970 2017/12/14 00:00:00
ene 29, 2018 10:57:31 PM player.Test analyzePeriods
INFORMACIÓN: [Coin - SELL] ADAETH 0,00018159 2017/12/14 11:15:00
ene 29, 2018 10:57:31 PM player.Test analyzePeriods
INFORMACIÓN: [Coin - BUY] ADAETH 0,00019900 2017/12/14 12:45:00
ene 29, 2018 10:57:31 PM player.Test analyzePeriods
INFORMACIÓN: [Coin - SELL] ADAETH 0,00030806 2017/12/14 23:00:00
ene 29, 2018 10:57:31 PM player.Test analyzePeriods
INFORMACIÓN: [Coin - BUY] ADAETH 0,00036012 2017/12/15 01:45:00
ene 29, 2018 10:57:31 PM player.Test analyzePeriods
INFORMACIÓN: [Coin - BUY] ADAETH 0,00032881 2017/12/15 13:15:00
ene 29, 2018 10:57:31 PM player.Test analyzePeriods
INFORMACIÓN: [Coin - SELL] ADAETH 0,00032150 2017/12/15 17:00:00
ene 29, 2018 10:57:31 PM player.Test analyzePeriods
INFORMACIÓN: [Coin - SELL] ADAETH 0,00038488 2017/12/16 14:30:00
ene 29, 2018 10:57:32 PM player.Test analyzePeriods
INFORMACIÓN: [Coin - BUY] ADAETH 0,00038900 2017/12/16 17:00:00
ene 29, 2018 10:57:32 PM player.Test analyzePeriods
INFORMACIÓN: [Coin - SELL] ADAETH 0,00053513 2017/12/17 02:30:00
ene 29, 2018 10:57:32 PM player.Test analyzePeriods
INFORMACIÓN: [Coin - SELL] ADAETH 0,00071297 2017/12/17 11:30:00
ene 29, 2018 10:57:32 PM player.Test analyzePeriods
INFORMACIÓN: [Coin - SELL] ADAETH 0,00066998 2017/12/18 01:45:00
ene 29, 2018 10:57:32 PM player.Test analyzePeriods
INFORMACIÓN: [Coin - BUY] ADAETH 0,00068880 2017/12/18 03:00:00
ene 29, 2018 10:57:32 PM player.Test analyzePeriods
INFORMACIÓN: [Coin - SELL] ADAETH 0,00067301 2017/12/18 05:45:00
ene 29, 2018 10:57:32 PM player.Test analyzePeriods
INFORMACIÓN: [Coin - SELL] ADAETH 0,00069204 2017/12/19 08:15:00
ene 29, 2018 10:57:32 PM player.Test analyzePeriods
INFORMACIÓN: [Coin - SELL] ADAETH 0,00058400 2017/12/21 06:00:00
ene 29, 2018 10:57:33 PM player.Test analyzePeriods
INFORMACIÓN: [Coin - BUY] ADAETH 0,00059948 2017/12/21 21:45:00
ene 29, 2018 10:57:33 PM player.Test analyzePeriods
INFORMACIÓN: [Coin - SELL] ADAETH 0,00059482 2017/12/22 01:45:00
ene 29, 2018 10:57:33 PM player.Test analyzePeriods
INFORMACIÓN: [Coin - SELL] ADAETH 0,00059352 2017/12/22 09:00:00
ene 29, 2018 10:57:33 PM player.Test analyzePeriods
INFORMACIÓN: [Coin - SELL] ADAETH 0,00062212 2017/12/23 00:45:00
ene 29, 2018 10:57:33 PM player.Test analyzePeriods
INFORMACIÓN: [Coin - BUY] ADAETH 0,00062111 2017/12/23 01:00:00
ene 29, 2018 10:57:33 PM player.Test analyzePeriods
INFORMACIÓN: [Coin - SELL] ADAETH 0,00061032 2017/12/23 02:45:00
ene 29, 2018 10:57:33 PM player.Test analyzePeriods
INFORMACIÓN: [Coin - BUY] ADAETH 0,00057637 2017/12/24 20:00:00
ene 29, 2018 10:57:33 PM player.Test analyzePeriods
INFORMACIÓN: [Coin - SELL] ADAETH 0,00052949 2017/12/25 12:30:00
ene 29, 2018 10:57:33 PM player.Test analyzePeriods
INFORMACIÓN: [Coin - BUY] ADAETH 0,00053801 2017/12/25 13:15:00
ene 29, 2018 10:57:33 PM player.Test analyzePeriods
INFORMACIÓN: [Coin - SELL] ADAETH 0,00056731 2017/12/25 23:00:00
ene 29, 2018 10:57:33 PM player.Test analyzePeriods
INFORMACIÓN: [Coin - SELL] ADAETH 0,00055458 2017/12/26 09:30:00
ene 29, 2018 10:57:34 PM player.Test analyzePeriods
INFORMACIÓN: [Coin - SELL] ADAETH 0,00054766 2017/12/27 02:15:00
ene 29, 2018 10:57:34 PM player.Test analyzePeriods
INFORMACIÓN: [Coin - BUY] ADAETH 0,00056026 2017/12/27 10:30:00
ene 29, 2018 10:57:34 PM player.Test analyzePeriods
INFORMACIÓN: [Coin - SELL] ADAETH 0,00055020 2017/12/27 12:15:00
ene 29, 2018 10:57:34 PM player.Test analyzePeriods
INFORMACIÓN: [Coin - SELL] ADAETH 0,00055320 2017/12/27 19:45:00
ene 29, 2018 10:57:34 PM player.Test analyzePeriods
INFORMACIÓN: [Coin - SELL] ADAETH 0,00054601 2017/12/28 03:30:00
ene 29, 2018 10:57:34 PM player.Test analyzePeriods
INFORMACIÓN: [Coin - SELL] ADAETH 0,00057300 2017/12/29 00:00:00
ene 29, 2018 10:57:34 PM player.Test analyzePeriods
INFORMACIÓN: [Coin - BUY] ADAETH 0,00056839 2017/12/29 00:45:00
ene 29, 2018 10:57:34 PM player.Test analyzePeriods
INFORMACIÓN: [Coin - SELL] ADAETH 0,00056999 2017/12/29 01:00:00
ene 29, 2018 10:57:34 PM player.Test analyzePeriods
INFORMACIÓN: [Coin - BUY] ADAETH 0,00056640 2017/12/29 01:30:00
ene 29, 2018 10:57:34 PM player.Test analyzePeriods
INFORMACIÓN: [Coin - SELL] ADAETH 0,00056276 2017/12/29 02:15:00
ene 29, 2018 10:57:34 PM player.Test analyzePeriods
INFORMACIÓN: [Coin - BUY] ADAETH 0,00056737 2017/12/29 02:45:00
ene 29, 2018 10:57:34 PM player.Test analyzePeriods
INFORMACIÓN: [Coin - SELL] ADAETH 0,00056661 2017/12/29 03:15:00
ene 29, 2018 10:57:34 PM player.Test analyzePeriods
INFORMACIÓN: [Coin - BUY] ADAETH 0,00056880 2017/12/29 04:15:00
ene 29, 2018 10:57:34 PM player.Test analyzePeriods
INFORMACIÓN: [Coin - SELL] ADAETH 0,00057600 2017/12/29 09:30:00
ene 29, 2018 10:57:34 PM player.Test analyzePeriods
INFORMACIÓN: [Coin - BUY] ADAETH 0,00060748 2017/12/29 11:00:00
ene 29, 2018 10:57:34 PM player.Test analyzePeriods
INFORMACIÓN: [Coin - SELL] ADAETH 0,00060794 2017/12/29 16:30:00
ene 29, 2018 10:57:34 PM player.Test analyzePeriods
INFORMACIÓN: [Coin - BUY] ADAETH 0,00066014 2017/12/29 19:30:00
ene 29, 2018 10:57:34 PM player.Test analyzePeriods
INFORMACIÓN: [Coin - SELL] ADAETH 0,00071494 2017/12/30 04:15:00
ene 29, 2018 10:57:34 PM player.Test analyzePeriods
INFORMACIÓN: [Coin - BUY] ADAETH 0,00075945 2017/12/30 06:00:00
ene 29, 2018 10:57:34 PM player.Test analyzePeriods
INFORMACIÓN: [Coin - SELL] ADAETH 0,00095323 2017/12/30 12:30:00
ene 29, 2018 10:57:34 PM player.Test analyzePeriods
INFORMACIÓN: [Coin - SELL] ADAETH 0,00096699 2017/12/30 23:45:00
