ene 29, 2018 10:56:37 PM player.Test initializeLog
INFORMACIÓN: Initializing
ene 29, 2018 10:56:40 PM player.Test analyzePeriods
INFORMACIÓN: [Coin - SELL] ARKETH 0,00730000 2017/12/01 11:30:00
ene 29, 2018 10:56:40 PM player.Test analyzePeriods
INFORMACIÓN: [Coin - BUY] ARKETH 0,00740300 2017/12/01 14:00:00
ene 29, 2018 10:56:40 PM player.Test analyzePeriods
INFORMACIÓN: [Coin - SELL] ARKETH 0,00740100 2017/12/01 14:15:00
ene 29, 2018 10:56:40 PM player.Test analyzePeriods
INFORMACIÓN: [Coin - BUY] ARKETH 0,00740100 2017/12/01 15:00:00
ene 29, 2018 10:56:40 PM player.Test analyzePeriods
INFORMACIÓN: [Coin - SELL] ARKETH 0,00710200 2017/12/02 03:45:00
ene 29, 2018 10:56:40 PM player.Test analyzePeriods
INFORMACIÓN: [Coin - BUY] ARKETH 0,00741500 2017/12/02 06:15:00
ene 29, 2018 10:56:40 PM player.Test analyzePeriods
INFORMACIÓN: [Coin - SELL] ARKETH 0,00726700 2017/12/02 12:45:00
ene 29, 2018 10:56:40 PM player.Test analyzePeriods
INFORMACIÓN: [Coin - SELL] ARKETH 0,00841900 2017/12/03 11:15:00
ene 29, 2018 10:56:40 PM player.Test analyzePeriods
INFORMACIÓN: [Coin - BUY] ARKETH 0,00890300 2017/12/03 13:30:00
ene 29, 2018 10:56:40 PM player.Test analyzePeriods
INFORMACIÓN: [Coin - SELL] ARKETH 0,00890500 2017/12/03 18:00:00
ene 29, 2018 10:56:40 PM player.Test analyzePeriods
INFORMACIÓN: [Coin - BUY] ARKETH 0,00912100 2017/12/03 19:15:00
ene 29, 2018 10:56:40 PM player.Test analyzePeriods
INFORMACIÓN: [Coin - SELL] ARKETH 0,00903700 2017/12/03 22:30:00
ene 29, 2018 10:56:40 PM player.Test analyzePeriods
INFORMACIÓN: [Coin - BUY] ARKETH 0,00860000 2017/12/04 09:15:00
ene 29, 2018 10:56:40 PM player.Test analyzePeriods
INFORMACIÓN: [Coin - SELL] ARKETH 0,00865500 2017/12/04 23:00:00
ene 29, 2018 10:56:40 PM player.Test analyzePeriods
INFORMACIÓN: [Coin - BUY] ARKETH 0,00926900 2017/12/05 00:15:00
ene 29, 2018 10:56:40 PM player.Test analyzePeriods
INFORMACIÓN: [Coin - SELL] ARKETH 0,00887900 2017/12/05 03:30:00
ene 29, 2018 10:56:40 PM player.Test analyzePeriods
INFORMACIÓN: [Coin - BUY] ARKETH 0,00935400 2017/12/05 05:15:00
ene 29, 2018 10:56:40 PM player.Test analyzePeriods
INFORMACIÓN: [Coin - SELL] ARKETH 0,01018000 2017/12/05 16:15:00
ene 29, 2018 10:56:40 PM player.Test analyzePeriods
INFORMACIÓN: [Coin - BUY] ARKETH 0,01039200 2017/12/05 18:15:00
ene 29, 2018 10:56:40 PM player.Test analyzePeriods
INFORMACIÓN: [Coin - SELL] ARKETH 0,01027700 2017/12/05 23:00:00
ene 29, 2018 10:56:41 PM player.Test analyzePeriods
INFORMACIÓN: [Coin - BUY] ARKETH 0,01086500 2017/12/06 17:45:00
ene 29, 2018 10:56:41 PM player.Test analyzePeriods
INFORMACIÓN: [Coin - SELL] ARKETH 0,01043400 2017/12/06 22:45:00
ene 29, 2018 10:56:41 PM player.Test analyzePeriods
INFORMACIÓN: [Coin - BUY] ARKETH 0,01063500 2017/12/06 23:15:00
ene 29, 2018 10:56:41 PM player.Test analyzePeriods
INFORMACIÓN: [Coin - SELL] ARKETH 0,01010000 2017/12/07 00:15:00
ene 29, 2018 10:56:41 PM player.Test analyzePeriods
INFORMACIÓN: [Coin - SELL] ARKETH 0,00969600 2017/12/07 11:00:00
ene 29, 2018 10:56:41 PM player.Test analyzePeriods
INFORMACIÓN: [Coin - SELL] ARKETH 0,00896900 2017/12/09 00:15:00
ene 29, 2018 10:56:41 PM player.Test analyzePeriods
INFORMACIÓN: [Coin - SELL] ARKETH 0,00789600 2017/12/10 03:15:00
ene 29, 2018 10:56:41 PM player.Test analyzePeriods
INFORMACIÓN: [Coin - BUY] ARKETH 0,00777800 2017/12/10 11:45:00
ene 29, 2018 10:56:41 PM player.Test analyzePeriods
INFORMACIÓN: [Coin - SELL] ARKETH 0,00770000 2017/12/10 16:45:00
ene 29, 2018 10:56:41 PM player.Test analyzePeriods
INFORMACIÓN: [Coin - SELL] ARKETH 0,00787000 2017/12/11 05:30:00
ene 29, 2018 10:56:41 PM player.Test analyzePeriods
INFORMACIÓN: [Coin - SELL] ARKETH 0,00795900 2017/12/11 18:30:00
ene 29, 2018 10:56:42 PM player.Test analyzePeriods
INFORMACIÓN: [Coin - SELL] ARKETH 0,00737400 2017/12/12 13:15:00
ene 29, 2018 10:56:42 PM player.Test analyzePeriods
INFORMACIÓN: [Coin - SELL] ARKETH 0,00660200 2017/12/13 01:00:00
ene 29, 2018 10:56:42 PM player.Test analyzePeriods
INFORMACIÓN: [Coin - BUY] ARKETH 0,00647800 2017/12/14 13:00:00
ene 29, 2018 10:56:42 PM player.Test analyzePeriods
INFORMACIÓN: [Coin - SELL] ARKETH 0,00630100 2017/12/14 16:30:00
ene 29, 2018 10:56:42 PM player.Test analyzePeriods
INFORMACIÓN: [Coin - BUY] ARKETH 0,00665500 2017/12/14 18:45:00
ene 29, 2018 10:56:42 PM player.Test analyzePeriods
INFORMACIÓN: [Coin - SELL] ARKETH 0,00671700 2017/12/14 22:30:00
ene 29, 2018 10:56:42 PM player.Test analyzePeriods
INFORMACIÓN: [Coin - BUY] ARKETH 0,00666400 2017/12/15 00:15:00
ene 29, 2018 10:56:42 PM player.Test analyzePeriods
INFORMACIÓN: [Coin - BUY] ARKETH 0,00678800 2017/12/15 03:15:00
ene 29, 2018 10:56:42 PM player.Test analyzePeriods
INFORMACIÓN: [Coin - SELL] ARKETH 0,00683700 2017/12/15 03:30:00
ene 29, 2018 10:56:42 PM player.Test analyzePeriods
INFORMACIÓN: [Coin - SELL] ARKETH 0,00648700 2017/12/15 13:30:00
ene 29, 2018 10:56:42 PM player.Test analyzePeriods
INFORMACIÓN: [Coin - SELL] ARKETH 0,00700000 2017/12/16 16:15:00
ene 29, 2018 10:56:42 PM player.Test analyzePeriods
INFORMACIÓN: [Coin - BUY] ARKETH 0,00726600 2017/12/16 16:30:00
ene 29, 2018 10:56:42 PM player.Test analyzePeriods
INFORMACIÓN: [Coin - SELL] ARKETH 0,00690200 2017/12/16 21:00:00
ene 29, 2018 10:56:42 PM player.Test analyzePeriods
INFORMACIÓN: [Coin - BUY] ARKETH 0,00736200 2017/12/16 21:45:00
ene 29, 2018 10:56:42 PM player.Test analyzePeriods
INFORMACIÓN: [Coin - SELL] ARKETH 0,00700000 2017/12/16 22:00:00
ene 29, 2018 10:56:42 PM player.Test analyzePeriods
INFORMACIÓN: [Coin - BUY] ARKETH 0,00753700 2017/12/16 22:45:00
ene 29, 2018 10:56:42 PM player.Test analyzePeriods
INFORMACIÓN: [Coin - SELL] ARKETH 0,00840000 2017/12/17 06:45:00
ene 29, 2018 10:56:42 PM player.Test analyzePeriods
INFORMACIÓN: [Coin - BUY] ARKETH 0,00833200 2017/12/17 07:30:00
ene 29, 2018 10:56:42 PM player.Test analyzePeriods
INFORMACIÓN: [Coin - SELL] ARKETH 0,00778000 2017/12/17 08:45:00
ene 29, 2018 10:56:42 PM player.Test analyzePeriods
INFORMACIÓN: [Coin - BUY] ARKETH 0,00834000 2017/12/17 11:00:00
ene 29, 2018 10:56:42 PM player.Test analyzePeriods
INFORMACIÓN: [Coin - SELL] ARKETH 0,00819900 2017/12/17 14:00:00
ene 29, 2018 10:56:42 PM player.Test analyzePeriods
INFORMACIÓN: [Coin - SELL] ARKETH 0,00840000 2017/12/17 22:00:00
ene 29, 2018 10:56:42 PM player.Test analyzePeriods
INFORMACIÓN: [Coin - SELL] ARKETH 0,00895000 2017/12/18 11:45:00
ene 29, 2018 10:56:43 PM player.Test analyzePeriods
INFORMACIÓN: [Coin - SELL] ARKETH 0,00879700 2017/12/19 04:00:00
ene 29, 2018 10:56:43 PM player.Test analyzePeriods
INFORMACIÓN: [Coin - BUY] ARKETH 0,00798900 2017/12/19 21:15:00
ene 29, 2018 10:56:43 PM player.Test analyzePeriods
INFORMACIÓN: [Coin - SELL] ARKETH 0,00950000 2017/12/20 10:30:00
ene 29, 2018 10:56:43 PM player.Test analyzePeriods
INFORMACIÓN: [Coin - BUY] ARKETH 0,01011700 2017/12/20 21:15:00
ene 29, 2018 10:56:43 PM player.Test analyzePeriods
INFORMACIÓN: [Coin - SELL] ARKETH 0,00960100 2017/12/21 00:00:00
ene 29, 2018 10:56:43 PM player.Test analyzePeriods
INFORMACIÓN: [Coin - SELL] ARKETH 0,01000700 2017/12/21 07:30:00
ene 29, 2018 10:56:43 PM player.Test analyzePeriods
INFORMACIÓN: [Coin - BUY] ARKETH 0,01030000 2017/12/21 08:15:00
ene 29, 2018 10:56:43 PM player.Test analyzePeriods
INFORMACIÓN: [Coin - SELL] ARKETH 0,01010100 2017/12/21 12:45:00
ene 29, 2018 10:56:43 PM player.Test analyzePeriods
INFORMACIÓN: [Coin - SELL] ARKETH 0,01005000 2017/12/22 01:15:00
ene 29, 2018 10:56:43 PM player.Test analyzePeriods
INFORMACIÓN: [Coin - SELL] ARKETH 0,00940500 2017/12/22 23:00:00
ene 29, 2018 10:56:43 PM player.Test analyzePeriods
INFORMACIÓN: [Coin - BUY] ARKETH 0,00917500 2017/12/23 10:45:00
ene 29, 2018 10:56:43 PM player.Test analyzePeriods
INFORMACIÓN: [Coin - SELL] ARKETH 0,00940000 2017/12/23 17:45:00
ene 29, 2018 10:56:43 PM player.Test analyzePeriods
INFORMACIÓN: [Coin - BUY] ARKETH 0,00974500 2017/12/23 18:45:00
ene 29, 2018 10:56:43 PM player.Test analyzePeriods
INFORMACIÓN: [Coin - SELL] ARKETH 0,00984000 2017/12/23 23:15:00
ene 29, 2018 10:56:43 PM player.Test analyzePeriods
INFORMACIÓN: [Coin - SELL] ARKETH 0,00930300 2017/12/24 20:00:00
ene 29, 2018 10:56:43 PM player.Test analyzePeriods
INFORMACIÓN: [Coin - BUY] ARKETH 0,00940400 2017/12/24 21:00:00
ene 29, 2018 10:56:43 PM player.Test analyzePeriods
INFORMACIÓN: [Coin - SELL] ARKETH 0,00934200 2017/12/24 23:30:00
ene 29, 2018 10:56:44 PM player.Test analyzePeriods
INFORMACIÓN: [Coin - SELL] ARKETH 0,00970600 2017/12/25 17:00:00
ene 29, 2018 10:56:44 PM player.Test analyzePeriods
INFORMACIÓN: [Coin - BUY] ARKETH 0,00986700 2017/12/25 17:45:00
ene 29, 2018 10:56:44 PM player.Test analyzePeriods
INFORMACIÓN: [Coin - SELL] ARKETH 0,00998400 2017/12/25 18:30:00
ene 29, 2018 10:56:44 PM player.Test analyzePeriods
INFORMACIÓN: [Coin - BUY] ARKETH 0,01006100 2017/12/25 18:45:00
ene 29, 2018 10:56:44 PM player.Test analyzePeriods
INFORMACIÓN: [Coin - SELL] ARKETH 0,00993800 2017/12/25 19:00:00
ene 29, 2018 10:56:44 PM player.Test analyzePeriods
INFORMACIÓN: [Coin - BUY] ARKETH 0,00989300 2017/12/25 19:15:00
ene 29, 2018 10:56:44 PM player.Test analyzePeriods
INFORMACIÓN: [Coin - SELL] ARKETH 0,00982700 2017/12/25 23:45:00
ene 29, 2018 10:56:44 PM player.Test analyzePeriods
INFORMACIÓN: [Coin - SELL] ARKETH 0,00996500 2017/12/26 07:30:00
ene 29, 2018 10:56:44 PM player.Test analyzePeriods
INFORMACIÓN: [Coin - SELL] ARKETH 0,01049800 2017/12/26 16:30:00
ene 29, 2018 10:56:44 PM player.Test analyzePeriods
INFORMACIÓN: [Coin - SELL] ARKETH 0,01009600 2017/12/27 17:15:00
ene 29, 2018 10:56:44 PM player.Test analyzePeriods
INFORMACIÓN: [Coin - BUY] ARKETH 0,01026000 2017/12/27 18:30:00
ene 29, 2018 10:56:44 PM player.Test analyzePeriods
INFORMACIÓN: [Coin - SELL] ARKETH 0,00989800 2017/12/27 20:30:00
ene 29, 2018 10:56:44 PM player.Test analyzePeriods
INFORMACIÓN: [Coin - SELL] ARKETH 0,00935800 2017/12/28 18:30:00
ene 29, 2018 10:56:44 PM player.Test analyzePeriods
INFORMACIÓN: [Coin - BUY] ARKETH 0,00974300 2017/12/28 20:15:00
ene 29, 2018 10:56:44 PM player.Test analyzePeriods
INFORMACIÓN: [Coin - SELL] ARKETH 0,00957200 2017/12/28 23:00:00
ene 29, 2018 10:56:44 PM player.Test analyzePeriods
INFORMACIÓN: [Coin - BUY] ARKETH 0,00956100 2017/12/28 23:15:00
ene 29, 2018 10:56:44 PM player.Test analyzePeriods
INFORMACIÓN: [Coin - SELL] ARKETH 0,00988000 2017/12/29 18:00:00
ene 29, 2018 10:56:44 PM player.Test analyzePeriods
INFORMACIÓN: [Coin - BUY] ARKETH 0,00991600 2017/12/29 20:00:00
ene 29, 2018 10:56:44 PM player.Test analyzePeriods
INFORMACIÓN: [Coin - SELL] ARKETH 0,00980000 2017/12/30 02:30:00
ene 29, 2018 10:56:44 PM player.Test analyzePeriods
INFORMACIÓN: [Coin - SELL] ARKETH 0,00976400 2017/12/30 11:15:00
ene 29, 2018 10:56:44 PM player.Test analyzePeriods
INFORMACIÓN: [Coin - SELL] ARKETH 0,00955000 2017/12/30 23:00:00
ene 29, 2018 10:56:44 PM player.Test analyzePeriods
INFORMACIÓN: [Coin - BUY] ARKETH 0,00935800 2017/12/30 23:15:00
ene 29, 2018 10:56:44 PM player.Test analyzePeriods
INFORMACIÓN: [Coin - SELL] ARKETH 0,00926900 2017/12/30 23:30:00
ene 29, 2018 10:56:44 PM player.Test analyzePeriods
INFORMACIÓN: [Coin - BUY] ARKETH 0,00953900 2017/12/30 23:45:00
