ene 29, 2018 10:58:51 PM player.Test initializeLog
INFORMACIÓN: Initializing
ene 29, 2018 10:58:53 PM player.Test analyzePeriods
INFORMACIÓN: [Coin - SELL] DASHETH 1,68200000 2017/12/01 21:45:00
ene 29, 2018 10:58:53 PM player.Test analyzePeriods
INFORMACIÓN: [Coin - SELL] DASHETH 1,67968000 2017/12/02 16:15:00
ene 29, 2018 10:58:53 PM player.Test analyzePeriods
INFORMACIÓN: [Coin - BUY] DASHETH 1,69451000 2017/12/02 16:45:00
ene 29, 2018 10:58:53 PM player.Test analyzePeriods
INFORMACIÓN: [Coin - SELL] DASHETH 1,66401000 2017/12/02 19:15:00
ene 29, 2018 10:58:53 PM player.Test analyzePeriods
INFORMACIÓN: [Coin - BUY] DASHETH 1,66007000 2017/12/03 06:00:00
ene 29, 2018 10:58:53 PM player.Test analyzePeriods
INFORMACIÓN: [Coin - SELL] DASHETH 1,62853000 2017/12/04 02:00:00
ene 29, 2018 10:58:53 PM player.Test analyzePeriods
INFORMACIÓN: [Coin - SELL] DASHETH 1,64507000 2017/12/04 13:30:00
ene 29, 2018 10:58:53 PM player.Test analyzePeriods
INFORMACIÓN: [Coin - SELL] DASHETH 1,64039000 2017/12/04 20:45:00
ene 29, 2018 10:58:53 PM player.Test analyzePeriods
INFORMACIÓN: [Coin - BUY] DASHETH 1,64927000 2017/12/04 23:30:00
ene 29, 2018 10:58:53 PM player.Test analyzePeriods
INFORMACIÓN: [Coin - SELL] DASHETH 1,61665000 2017/12/05 10:45:00
ene 29, 2018 10:58:53 PM player.Test analyzePeriods
INFORMACIÓN: [Coin - BUY] DASHETH 1,65197000 2017/12/05 13:45:00
ene 29, 2018 10:58:54 PM player.Test analyzePeriods
INFORMACIÓN: [Coin - SELL] DASHETH 1,61367000 2017/12/06 07:30:00
ene 29, 2018 10:58:54 PM player.Test analyzePeriods
INFORMACIÓN: [Coin - SELL] DASHETH 1,64997000 2017/12/06 23:45:00
ene 29, 2018 10:58:54 PM player.Test analyzePeriods
INFORMACIÓN: [Coin - SELL] DASHETH 1,60965000 2017/12/07 14:30:00
ene 29, 2018 10:58:54 PM player.Test analyzePeriods
INFORMACIÓN: [Coin - BUY] DASHETH 1,62473000 2017/12/07 14:45:00
ene 29, 2018 10:58:54 PM player.Test analyzePeriods
INFORMACIÓN: [Coin - SELL] DASHETH 1,55072000 2017/12/07 15:45:00
ene 29, 2018 10:58:54 PM player.Test analyzePeriods
INFORMACIÓN: [Coin - SELL] DASHETH 1,54703000 2017/12/08 02:30:00
ene 29, 2018 10:58:54 PM player.Test analyzePeriods
INFORMACIÓN: [Coin - SELL] DASHETH 1,58140000 2017/12/08 09:00:00
ene 29, 2018 10:58:54 PM player.Test analyzePeriods
INFORMACIÓN: [Coin - BUY] DASHETH 1,65404000 2017/12/08 17:15:00
ene 29, 2018 10:58:54 PM player.Test analyzePeriods
INFORMACIÓN: [Coin - SELL] DASHETH 1,60017000 2017/12/08 20:00:00
ene 29, 2018 10:58:54 PM player.Test analyzePeriods
INFORMACIÓN: [Coin - BUY] DASHETH 1,65273000 2017/12/08 22:45:00
ene 29, 2018 10:58:54 PM player.Test analyzePeriods
INFORMACIÓN: [Coin - SELL] DASHETH 1,58173000 2017/12/09 16:00:00
ene 29, 2018 10:58:54 PM player.Test analyzePeriods
INFORMACIÓN: [Coin - SELL] DASHETH 1,50459000 2017/12/10 10:00:00
ene 29, 2018 10:58:54 PM player.Test analyzePeriods
INFORMACIÓN: [Coin - SELL] DASHETH 1,53143000 2017/12/10 18:15:00
ene 29, 2018 10:58:54 PM player.Test analyzePeriods
INFORMACIÓN: [Coin - BUY] DASHETH 1,55114000 2017/12/10 18:30:00
ene 29, 2018 10:58:54 PM player.Test analyzePeriods
INFORMACIÓN: [Coin - SELL] DASHETH 1,53126000 2017/12/10 18:45:00
ene 29, 2018 10:58:54 PM player.Test analyzePeriods
INFORMACIÓN: [Coin - BUY] DASHETH 1,55014000 2017/12/10 21:45:00
ene 29, 2018 10:58:54 PM player.Test analyzePeriods
INFORMACIÓN: [Coin - SELL] DASHETH 1,55652000 2017/12/11 02:45:00
ene 29, 2018 10:58:54 PM player.Test analyzePeriods
INFORMACIÓN: [Coin - BUY] DASHETH 1,56102000 2017/12/11 03:00:00
ene 29, 2018 10:58:54 PM player.Test analyzePeriods
INFORMACIÓN: [Coin - SELL] DASHETH 1,56682000 2017/12/11 03:15:00
ene 29, 2018 10:58:54 PM player.Test analyzePeriods
INFORMACIÓN: [Coin - BUY] DASHETH 1,57887000 2017/12/11 04:15:00
ene 29, 2018 10:58:54 PM player.Test analyzePeriods
INFORMACIÓN: [Coin - SELL] DASHETH 1,54482000 2017/12/11 05:15:00
ene 29, 2018 10:58:55 PM player.Test analyzePeriods
INFORMACIÓN: [Coin - SELL] DASHETH 1,56223000 2017/12/11 20:30:00
ene 29, 2018 10:58:55 PM player.Test analyzePeriods
INFORMACIÓN: [Coin - BUY] DASHETH 1,57370000 2017/12/11 22:15:00
ene 29, 2018 10:58:55 PM player.Test analyzePeriods
INFORMACIÓN: [Coin - SELL] DASHETH 1,44428000 2017/12/12 23:45:00
ene 29, 2018 10:58:55 PM player.Test analyzePeriods
INFORMACIÓN: [Coin - SELL] DASHETH 1,20888000 2017/12/14 10:30:00
ene 29, 2018 10:58:55 PM player.Test analyzePeriods
INFORMACIÓN: [Coin - SELL] DASHETH 1,29455000 2017/12/14 17:15:00
ene 29, 2018 10:58:55 PM player.Test analyzePeriods
INFORMACIÓN: [Coin - BUY] DASHETH 1,33300000 2017/12/14 19:00:00
ene 29, 2018 10:58:55 PM player.Test analyzePeriods
INFORMACIÓN: [Coin - SELL] DASHETH 1,33803000 2017/12/15 04:00:00
ene 29, 2018 10:58:55 PM player.Test analyzePeriods
INFORMACIÓN: [Coin - SELL] DASHETH 1,32119000 2017/12/16 09:45:00
ene 29, 2018 10:58:56 PM player.Test analyzePeriods
INFORMACIÓN: [Coin - SELL] DASHETH 1,31103000 2017/12/16 19:00:00
ene 29, 2018 10:58:56 PM player.Test analyzePeriods
INFORMACIÓN: [Coin - BUY] DASHETH 1,32343000 2017/12/16 19:30:00
ene 29, 2018 10:58:56 PM player.Test analyzePeriods
INFORMACIÓN: [Coin - SELL] DASHETH 1,31675000 2017/12/16 23:00:00
ene 29, 2018 10:58:56 PM player.Test analyzePeriods
INFORMACIÓN: [Coin - BUY] DASHETH 1,35254000 2017/12/16 23:45:00
ene 29, 2018 10:58:56 PM player.Test analyzePeriods
INFORMACIÓN: [Coin - SELL] DASHETH 1,48455000 2017/12/17 07:15:00
ene 29, 2018 10:58:56 PM player.Test analyzePeriods
INFORMACIÓN: [Coin - SELL] DASHETH 1,52790000 2017/12/17 20:45:00
ene 29, 2018 10:58:56 PM player.Test analyzePeriods
INFORMACIÓN: [Coin - BUY] DASHETH 1,53003000 2017/12/17 22:45:00
ene 29, 2018 10:58:56 PM player.Test analyzePeriods
INFORMACIÓN: [Coin - SELL] DASHETH 1,46285000 2017/12/19 04:15:00
ene 29, 2018 10:58:56 PM player.Test analyzePeriods
INFORMACIÓN: [Coin - BUY] DASHETH 1,43043000 2017/12/19 18:00:00
ene 29, 2018 10:58:56 PM player.Test analyzePeriods
INFORMACIÓN: [Coin - SELL] DASHETH 1,57008000 2017/12/20 09:15:00
ene 29, 2018 10:58:56 PM player.Test analyzePeriods
INFORMACIÓN: [Coin - SELL] DASHETH 1,84102000 2017/12/20 18:15:00
ene 29, 2018 10:58:56 PM player.Test analyzePeriods
INFORMACIÓN: [Coin - BUY] DASHETH 1,90894000 2017/12/20 19:00:00
ene 29, 2018 10:58:56 PM player.Test analyzePeriods
INFORMACIÓN: [Coin - SELL] DASHETH 1,74996000 2017/12/20 21:45:00
ene 29, 2018 10:58:56 PM player.Test analyzePeriods
INFORMACIÓN: [Coin - SELL] DASHETH 1,81992000 2017/12/21 13:00:00
ene 29, 2018 10:58:56 PM player.Test analyzePeriods
INFORMACIÓN: [Coin - BUY] DASHETH 1,83540000 2017/12/21 14:00:00
ene 29, 2018 10:58:56 PM player.Test analyzePeriods
INFORMACIÓN: [Coin - SELL] DASHETH 1,79929000 2017/12/21 15:15:00
ene 29, 2018 10:58:57 PM player.Test analyzePeriods
INFORMACIÓN: [Coin - SELL] DASHETH 1,63599000 2017/12/22 14:15:00
ene 29, 2018 10:58:57 PM player.Test analyzePeriods
INFORMACIÓN: [Coin - SELL] DASHETH 1,76798000 2017/12/22 23:00:00
ene 29, 2018 10:58:57 PM player.Test analyzePeriods
INFORMACIÓN: [Coin - SELL] DASHETH 1,72032000 2017/12/23 19:45:00
ene 29, 2018 10:58:57 PM player.Test analyzePeriods
INFORMACIÓN: [Coin - SELL] DASHETH 1,69595000 2017/12/24 10:45:00
ene 29, 2018 10:58:57 PM player.Test analyzePeriods
INFORMACIÓN: [Coin - SELL] DASHETH 1,69176000 2017/12/24 20:45:00
ene 29, 2018 10:58:57 PM player.Test analyzePeriods
INFORMACIÓN: [Coin - SELL] DASHETH 1,55114000 2017/12/26 09:30:00
ene 29, 2018 10:58:57 PM player.Test analyzePeriods
INFORMACIÓN: [Coin - SELL] DASHETH 1,55000000 2017/12/26 20:15:00
ene 29, 2018 10:58:57 PM player.Test analyzePeriods
INFORMACIÓN: [Coin - BUY] DASHETH 1,56358000 2017/12/26 22:45:00
ene 29, 2018 10:58:58 PM player.Test analyzePeriods
INFORMACIÓN: [Coin - SELL] DASHETH 1,57500000 2017/12/27 07:15:00
ene 29, 2018 10:58:58 PM player.Test analyzePeriods
INFORMACIÓN: [Coin - SELL] DASHETH 1,51170000 2017/12/29 03:15:00
ene 29, 2018 10:58:58 PM player.Test analyzePeriods
INFORMACIÓN: [Coin - SELL] DASHETH 1,47007000 2017/12/29 19:45:00
