ene 29, 2018 10:55:18 PM player.Test initializeLog
INFORMACIÓN: Initializing
ene 29, 2018 10:55:20 PM player.Test analyzePeriods
INFORMACIÓN: [Coin - SELL] EOSETH 0,00669900 2017/12/01 20:00:00
ene 29, 2018 10:55:20 PM player.Test analyzePeriods
INFORMACIÓN: [Coin - BUY] EOSETH 0,00681200 2017/12/01 20:15:00
ene 29, 2018 10:55:20 PM player.Test analyzePeriods
INFORMACIÓN: [Coin - SELL] EOSETH 0,00712000 2017/12/02 06:30:00
ene 29, 2018 10:55:20 PM player.Test analyzePeriods
INFORMACIÓN: [Coin - BUY] EOSETH 0,00739900 2017/12/02 07:30:00
ene 29, 2018 10:55:20 PM player.Test analyzePeriods
INFORMACIÓN: [Coin - SELL] EOSETH 0,00767500 2017/12/02 13:30:00
ene 29, 2018 10:55:20 PM player.Test analyzePeriods
INFORMACIÓN: [Coin - BUY] EOSETH 0,00780200 2017/12/02 16:15:00
ene 29, 2018 10:55:20 PM player.Test analyzePeriods
INFORMACIÓN: [Coin - SELL] EOSETH 0,00843000 2017/12/03 05:45:00
ene 29, 2018 10:55:20 PM player.Test analyzePeriods
INFORMACIÓN: [Coin - SELL] EOSETH 0,00780300 2017/12/04 04:15:00
ene 29, 2018 10:55:20 PM player.Test analyzePeriods
INFORMACIÓN: [Coin - BUY] EOSETH 0,00857900 2017/12/04 06:30:00
ene 29, 2018 10:55:20 PM player.Test analyzePeriods
INFORMACIÓN: [Coin - SELL] EOSETH 0,00862900 2017/12/04 10:15:00
ene 29, 2018 10:55:20 PM player.Test analyzePeriods
INFORMACIÓN: [Coin - SELL] EOSETH 0,00822300 2017/12/05 02:30:00
ene 29, 2018 10:55:20 PM player.Test analyzePeriods
INFORMACIÓN: [Coin - SELL] EOSETH 0,00810600 2017/12/05 16:45:00
ene 29, 2018 10:55:20 PM player.Test analyzePeriods
INFORMACIÓN: [Coin - BUY] EOSETH 0,00879700 2017/12/05 18:45:00
ene 29, 2018 10:55:20 PM player.Test analyzePeriods
INFORMACIÓN: [Coin - SELL] EOSETH 0,00940300 2017/12/06 02:30:00
ene 29, 2018 10:55:20 PM player.Test analyzePeriods
INFORMACIÓN: [Coin - BUY] EOSETH 0,00949900 2017/12/06 04:45:00
ene 29, 2018 10:55:21 PM player.Test analyzePeriods
INFORMACIÓN: [Coin - SELL] EOSETH 0,00948900 2017/12/06 06:15:00
ene 29, 2018 10:55:21 PM player.Test analyzePeriods
INFORMACIÓN: [Coin - BUY] EOSETH 0,00978100 2017/12/06 07:00:00
ene 29, 2018 10:55:21 PM player.Test analyzePeriods
INFORMACIÓN: [Coin - SELL] EOSETH 0,01090000 2017/12/06 12:45:00
ene 29, 2018 10:55:21 PM player.Test analyzePeriods
INFORMACIÓN: [Coin - SELL] EOSETH 0,00997800 2017/12/07 01:30:00
ene 29, 2018 10:55:21 PM player.Test analyzePeriods
INFORMACIÓN: [Coin - SELL] EOSETH 0,00961400 2017/12/07 23:15:00
ene 29, 2018 10:55:21 PM player.Test analyzePeriods
INFORMACIÓN: [Coin - SELL] EOSETH 0,00992700 2017/12/08 12:45:00
ene 29, 2018 10:55:21 PM player.Test analyzePeriods
INFORMACIÓN: [Coin - SELL] EOSETH 0,00926500 2017/12/09 01:45:00
ene 29, 2018 10:55:21 PM player.Test analyzePeriods
INFORMACIÓN: [Coin - SELL] EOSETH 0,00940100 2017/12/09 08:30:00
ene 29, 2018 10:55:21 PM player.Test analyzePeriods
INFORMACIÓN: [Coin - SELL] EOSETH 0,00837700 2017/12/10 02:15:00
ene 29, 2018 10:55:21 PM player.Test analyzePeriods
INFORMACIÓN: [Coin - SELL] EOSETH 0,00847000 2017/12/10 10:00:00
ene 29, 2018 10:55:21 PM player.Test analyzePeriods
INFORMACIÓN: [Coin - BUY] EOSETH 0,00852600 2017/12/10 12:30:00
ene 29, 2018 10:55:21 PM player.Test analyzePeriods
INFORMACIÓN: [Coin - SELL] EOSETH 0,00836900 2017/12/10 19:15:00
ene 29, 2018 10:55:21 PM player.Test analyzePeriods
INFORMACIÓN: [Coin - SELL] EOSETH 0,00871500 2017/12/11 06:00:00
ene 29, 2018 10:55:22 PM player.Test analyzePeriods
INFORMACIÓN: [Coin - SELL] EOSETH 0,00918700 2017/12/11 22:45:00
ene 29, 2018 10:55:22 PM player.Test analyzePeriods
INFORMACIÓN: [Coin - SELL] EOSETH 0,00827800 2017/12/12 14:00:00
ene 29, 2018 10:55:22 PM player.Test analyzePeriods
INFORMACIÓN: [Coin - SELL] EOSETH 0,00905600 2017/12/12 22:45:00
ene 29, 2018 10:55:22 PM player.Test analyzePeriods
INFORMACIÓN: [Coin - SELL] EOSETH 0,01032700 2017/12/13 11:30:00
ene 29, 2018 10:55:22 PM player.Test analyzePeriods
INFORMACIÓN: [Coin - SELL] EOSETH 0,01010300 2017/12/14 04:30:00
ene 29, 2018 10:55:22 PM player.Test analyzePeriods
INFORMACIÓN: [Coin - BUY] EOSETH 0,01073200 2017/12/14 08:00:00
ene 29, 2018 10:55:22 PM player.Test analyzePeriods
INFORMACIÓN: [Coin - SELL] EOSETH 0,01216800 2017/12/15 00:45:00
ene 29, 2018 10:55:22 PM player.Test analyzePeriods
INFORMACIÓN: [Coin - SELL] EOSETH 0,01147600 2017/12/15 12:15:00
ene 29, 2018 10:55:22 PM player.Test analyzePeriods
INFORMACIÓN: [Coin - BUY] EOSETH 0,01161500 2017/12/15 20:45:00
ene 29, 2018 10:55:22 PM player.Test analyzePeriods
INFORMACIÓN: [Coin - SELL] EOSETH 0,01269900 2017/12/16 07:15:00
ene 29, 2018 10:55:22 PM player.Test analyzePeriods
INFORMACIÓN: [Coin - BUY] EOSETH 0,01255000 2017/12/16 10:00:00
ene 29, 2018 10:55:22 PM player.Test analyzePeriods
INFORMACIÓN: [Coin - SELL] EOSETH 0,01240900 2017/12/16 10:30:00
ene 29, 2018 10:55:23 PM player.Test analyzePeriods
INFORMACIÓN: [Coin - SELL] EOSETH 0,01258100 2017/12/16 15:30:00
ene 29, 2018 10:55:23 PM player.Test analyzePeriods
INFORMACIÓN: [Coin - SELL] EOSETH 0,01132500 2017/12/17 13:45:00
ene 29, 2018 10:55:23 PM player.Test analyzePeriods
INFORMACIÓN: [Coin - SELL] EOSETH 0,01129000 2017/12/18 12:45:00
ene 29, 2018 10:55:23 PM player.Test analyzePeriods
INFORMACIÓN: [Coin - SELL] EOSETH 0,01242700 2017/12/19 10:30:00
ene 29, 2018 10:55:23 PM player.Test analyzePeriods
INFORMACIÓN: [Coin - SELL] EOSETH 0,01411400 2017/12/19 21:45:00
ene 29, 2018 10:55:23 PM player.Test analyzePeriods
INFORMACIÓN: [Coin - BUY] EOSETH 0,01400700 2017/12/20 01:15:00
ene 29, 2018 10:55:23 PM player.Test analyzePeriods
INFORMACIÓN: [Coin - SELL] EOSETH 0,01380100 2017/12/20 01:45:00
ene 29, 2018 10:55:23 PM player.Test analyzePeriods
INFORMACIÓN: [Coin - SELL] EOSETH 0,01350000 2017/12/20 13:30:00
ene 29, 2018 10:55:23 PM player.Test analyzePeriods
INFORMACIÓN: [Coin - SELL] EOSETH 0,01342200 2017/12/20 23:00:00
ene 29, 2018 10:55:23 PM player.Test analyzePeriods
INFORMACIÓN: [Coin - SELL] EOSETH 0,01391200 2017/12/21 06:45:00
ene 29, 2018 10:55:23 PM player.Test analyzePeriods
INFORMACIÓN: [Coin - BUY] EOSETH 0,01391400 2017/12/21 08:15:00
ene 29, 2018 10:55:23 PM player.Test analyzePeriods
INFORMACIÓN: [Coin - SELL] EOSETH 0,01372300 2017/12/21 10:00:00
ene 29, 2018 10:55:24 PM player.Test analyzePeriods
INFORMACIÓN: [Coin - SELL] EOSETH 0,01338400 2017/12/22 00:45:00
ene 29, 2018 10:55:24 PM player.Test analyzePeriods
INFORMACIÓN: [Coin - SELL] EOSETH 0,01276800 2017/12/23 08:30:00
ene 29, 2018 10:55:24 PM player.Test analyzePeriods
INFORMACIÓN: [Coin - BUY] EOSETH 0,01275000 2017/12/23 10:15:00
ene 29, 2018 10:55:24 PM player.Test analyzePeriods
INFORMACIÓN: [Coin - SELL] EOSETH 0,01282600 2017/12/23 15:30:00
ene 29, 2018 10:55:24 PM player.Test analyzePeriods
INFORMACIÓN: [Coin - BUY] EOSETH 0,01285000 2017/12/23 16:30:00
ene 29, 2018 10:55:24 PM player.Test analyzePeriods
INFORMACIÓN: [Coin - SELL] EOSETH 0,01264400 2017/12/23 16:45:00
ene 29, 2018 10:55:24 PM player.Test analyzePeriods
INFORMACIÓN: [Coin - BUY] EOSETH 0,01276000 2017/12/23 17:00:00
ene 29, 2018 10:55:24 PM player.Test analyzePeriods
INFORMACIÓN: [Coin - SELL] EOSETH 0,01269500 2017/12/23 18:00:00
ene 29, 2018 10:55:24 PM player.Test analyzePeriods
INFORMACIÓN: [Coin - SELL] EOSETH 0,01160000 2017/12/25 12:30:00
ene 29, 2018 10:55:24 PM player.Test analyzePeriods
INFORMACIÓN: [Coin - BUY] EOSETH 0,01174800 2017/12/25 15:00:00
ene 29, 2018 10:55:24 PM player.Test analyzePeriods
INFORMACIÓN: [Coin - SELL] EOSETH 0,01137800 2017/12/26 09:45:00
ene 29, 2018 10:55:25 PM player.Test analyzePeriods
INFORMACIÓN: [Coin - SELL] EOSETH 0,01205500 2017/12/27 14:00:00
ene 29, 2018 10:55:25 PM player.Test analyzePeriods
INFORMACIÓN: [Coin - SELL] EOSETH 0,01110000 2017/12/28 03:30:00
ene 29, 2018 10:55:25 PM player.Test analyzePeriods
INFORMACIÓN: [Coin - SELL] EOSETH 0,01139000 2017/12/29 09:45:00
ene 29, 2018 10:55:25 PM player.Test analyzePeriods
INFORMACIÓN: [Coin - SELL] EOSETH 0,01131600 2017/12/29 21:15:00
ene 29, 2018 10:55:25 PM player.Test analyzePeriods
INFORMACIÓN: [Coin - BUY] EOSETH 0,01128500 2017/12/30 00:15:00
ene 29, 2018 10:55:25 PM player.Test analyzePeriods
INFORMACIÓN: [Coin - SELL] EOSETH 0,01036100 2017/12/30 22:45:00
