ene 29, 2018 10:52:06 PM player.Test initializeLog
INFORMACIÓN: Initializing
ene 29, 2018 10:52:08 PM player.Test analyzePeriods
INFORMACIÓN: [Coin - SELL] NEOETH 0,07790700 2017/12/02 03:30:00
ene 29, 2018 10:52:08 PM player.Test analyzePeriods
INFORMACIÓN: [Coin - BUY] NEOETH 0,07781400 2017/12/02 04:30:00
ene 29, 2018 10:52:08 PM player.Test analyzePeriods
INFORMACIÓN: [Coin - SELL] NEOETH 0,07659100 2017/12/02 05:00:00
ene 29, 2018 10:52:08 PM player.Test analyzePeriods
INFORMACIÓN: [Coin - BUY] NEOETH 0,07843500 2017/12/02 05:15:00
ene 29, 2018 10:52:08 PM player.Test analyzePeriods
INFORMACIÓN: [Coin - SELL] NEOETH 0,07765100 2017/12/02 05:30:00
ene 29, 2018 10:52:08 PM player.Test analyzePeriods
INFORMACIÓN: [Coin - SELL] NEOETH 0,07699600 2017/12/02 11:30:00
ene 29, 2018 10:52:08 PM player.Test analyzePeriods
INFORMACIÓN: [Coin - SELL] NEOETH 0,07678000 2017/12/02 21:45:00
ene 29, 2018 10:52:08 PM player.Test analyzePeriods
INFORMACIÓN: [Coin - BUY] NEOETH 0,07735800 2017/12/02 23:30:00
ene 29, 2018 10:52:08 PM player.Test analyzePeriods
INFORMACIÓN: [Coin - SELL] NEOETH 0,07652700 2017/12/03 01:15:00
ene 29, 2018 10:52:08 PM player.Test analyzePeriods
INFORMACIÓN: [Coin - SELL] NEOETH 0,07720700 2017/12/03 08:45:00
ene 29, 2018 10:52:08 PM player.Test analyzePeriods
INFORMACIÓN: [Coin - BUY] NEOETH 0,07790100 2017/12/03 11:00:00
ene 29, 2018 10:52:08 PM player.Test analyzePeriods
INFORMACIÓN: [Coin - SELL] NEOETH 0,07840500 2017/12/03 14:15:00
ene 29, 2018 10:52:08 PM player.Test analyzePeriods
INFORMACIÓN: [Coin - BUY] NEOETH 0,07857200 2017/12/03 15:15:00
ene 29, 2018 10:52:08 PM player.Test analyzePeriods
INFORMACIÓN: [Coin - SELL] NEOETH 0,08105700 2017/12/03 23:45:00
ene 29, 2018 10:52:08 PM player.Test analyzePeriods
INFORMACIÓN: [Coin - SELL] NEOETH 0,08159000 2017/12/04 11:00:00
ene 29, 2018 10:52:08 PM player.Test analyzePeriods
INFORMACIÓN: [Coin - BUY] NEOETH 0,08280800 2017/12/04 11:45:00
ene 29, 2018 10:52:08 PM player.Test analyzePeriods
INFORMACIÓN: [Coin - SELL] NEOETH 0,08701700 2017/12/04 19:00:00
ene 29, 2018 10:52:08 PM player.Test analyzePeriods
INFORMACIÓN: [Coin - BUY] NEOETH 0,08999800 2017/12/04 22:00:00
ene 29, 2018 10:52:08 PM player.Test analyzePeriods
INFORMACIÓN: [Coin - SELL] NEOETH 0,08921000 2017/12/05 16:15:00
ene 29, 2018 10:52:09 PM player.Test analyzePeriods
INFORMACIÓN: [Coin - BUY] NEOETH 0,08516000 2017/12/06 11:00:00
ene 29, 2018 10:52:09 PM player.Test analyzePeriods
INFORMACIÓN: [Coin - SELL] NEOETH 0,08551600 2017/12/06 21:45:00
ene 29, 2018 10:52:09 PM player.Test analyzePeriods
INFORMACIÓN: [Coin - SELL] NEOETH 0,08410000 2017/12/07 10:15:00
ene 29, 2018 10:52:09 PM player.Test analyzePeriods
INFORMACIÓN: [Coin - SELL] NEOETH 0,08159600 2017/12/08 01:00:00
ene 29, 2018 10:52:09 PM player.Test analyzePeriods
INFORMACIÓN: [Coin - SELL] NEOETH 0,07988200 2017/12/08 15:30:00
ene 29, 2018 10:52:09 PM player.Test analyzePeriods
INFORMACIÓN: [Coin - SELL] NEOETH 0,08000300 2017/12/09 00:00:00
ene 29, 2018 10:52:09 PM player.Test analyzePeriods
INFORMACIÓN: [Coin - SELL] NEOETH 0,07600000 2017/12/09 18:00:00
ene 29, 2018 10:52:09 PM player.Test analyzePeriods
INFORMACIÓN: [Coin - BUY] NEOETH 0,07671900 2017/12/10 08:00:00
ene 29, 2018 10:52:09 PM player.Test analyzePeriods
INFORMACIÓN: [Coin - SELL] NEOETH 0,07740800 2017/12/10 14:30:00
ene 29, 2018 10:52:09 PM player.Test analyzePeriods
INFORMACIÓN: [Coin - SELL] NEOETH 0,07639700 2017/12/11 03:15:00
ene 29, 2018 10:52:09 PM player.Test analyzePeriods
INFORMACIÓN: [Coin - BUY] NEOETH 0,07590000 2017/12/11 04:45:00
ene 29, 2018 10:52:09 PM player.Test analyzePeriods
INFORMACIÓN: [Coin - SELL] NEOETH 0,07500500 2017/12/11 05:30:00
ene 29, 2018 10:52:10 PM player.Test analyzePeriods
INFORMACIÓN: [Coin - SELL] NEOETH 0,07460200 2017/12/11 15:30:00
ene 29, 2018 10:52:10 PM player.Test analyzePeriods
INFORMACIÓN: [Coin - BUY] NEOETH 0,07630400 2017/12/11 18:15:00
ene 29, 2018 10:52:10 PM player.Test analyzePeriods
INFORMACIÓN: [Coin - SELL] NEOETH 0,06598900 2017/12/13 15:15:00
ene 29, 2018 10:52:10 PM player.Test analyzePeriods
INFORMACIÓN: [Coin - BUY] NEOETH 0,06888900 2017/12/14 04:15:00
ene 29, 2018 10:52:10 PM player.Test analyzePeriods
INFORMACIÓN: [Coin - SELL] NEOETH 0,06817700 2017/12/14 09:15:00
ene 29, 2018 10:52:10 PM player.Test analyzePeriods
INFORMACIÓN: [Coin - SELL] NEOETH 0,06822000 2017/12/14 16:15:00
ene 29, 2018 10:52:10 PM player.Test analyzePeriods
INFORMACIÓN: [Coin - BUY] NEOETH 0,07321000 2017/12/14 18:15:00
ene 29, 2018 10:52:10 PM player.Test analyzePeriods
INFORMACIÓN: [Coin - SELL] NEOETH 0,07194000 2017/12/15 01:45:00
ene 29, 2018 10:52:10 PM player.Test analyzePeriods
INFORMACIÓN: [Coin - SELL] NEOETH 0,06810000 2017/12/15 20:45:00
ene 29, 2018 10:52:10 PM player.Test analyzePeriods
INFORMACIÓN: [Coin - BUY] NEOETH 0,07050000 2017/12/15 22:45:00
ene 29, 2018 10:52:10 PM player.Test analyzePeriods
INFORMACIÓN: [Coin - SELL] NEOETH 0,07150100 2017/12/16 06:15:00
ene 29, 2018 10:52:11 PM player.Test analyzePeriods
INFORMACIÓN: [Coin - SELL] NEOETH 0,07124900 2017/12/17 01:45:00
ene 29, 2018 10:52:11 PM player.Test analyzePeriods
INFORMACIÓN: [Coin - SELL] NEOETH 0,07895800 2017/12/17 09:30:00
ene 29, 2018 10:52:11 PM player.Test analyzePeriods
INFORMACIÓN: [Coin - BUY] NEOETH 0,08189800 2017/12/17 10:45:00
ene 29, 2018 10:52:11 PM player.Test analyzePeriods
INFORMACIÓN: [Coin - SELL] NEOETH 0,08058500 2017/12/17 14:15:00
ene 29, 2018 10:52:11 PM player.Test analyzePeriods
INFORMACIÓN: [Coin - BUY] NEOETH 0,08294200 2017/12/17 15:00:00
ene 29, 2018 10:52:11 PM player.Test analyzePeriods
INFORMACIÓN: [Coin - SELL] NEOETH 0,09699600 2017/12/17 21:45:00
ene 29, 2018 10:52:11 PM player.Test analyzePeriods
INFORMACIÓN: [Coin - SELL] NEOETH 0,09510100 2017/12/18 07:45:00
ene 29, 2018 10:52:11 PM player.Test analyzePeriods
INFORMACIÓN: [Coin - BUY] NEOETH 0,09893400 2017/12/18 10:00:00
ene 29, 2018 10:52:11 PM player.Test analyzePeriods
INFORMACIÓN: [Coin - SELL] NEOETH 0,10714700 2017/12/18 16:45:00
ene 29, 2018 10:52:11 PM player.Test analyzePeriods
INFORMACIÓN: [Coin - SELL] NEOETH 0,09667000 2017/12/19 04:45:00
ene 29, 2018 10:52:11 PM player.Test analyzePeriods
INFORMACIÓN: [Coin - SELL] NEOETH 0,08700000 2017/12/20 13:15:00
ene 29, 2018 10:52:11 PM player.Test analyzePeriods
INFORMACIÓN: [Coin - SELL] NEOETH 0,09094200 2017/12/21 06:00:00
ene 29, 2018 10:52:12 PM player.Test analyzePeriods
INFORMACIÓN: [Coin - SELL] NEOETH 0,08799900 2017/12/22 01:45:00
ene 29, 2018 10:52:12 PM player.Test analyzePeriods
INFORMACIÓN: [Coin - SELL] NEOETH 0,08796900 2017/12/23 01:15:00
ene 29, 2018 10:52:12 PM player.Test analyzePeriods
INFORMACIÓN: [Coin - BUY] NEOETH 0,09004000 2017/12/23 04:15:00
ene 29, 2018 10:52:12 PM player.Test analyzePeriods
INFORMACIÓN: [Coin - SELL] NEOETH 0,08702300 2017/12/23 07:30:00
ene 29, 2018 10:52:12 PM player.Test analyzePeriods
INFORMACIÓN: [Coin - SELL] NEOETH 0,09055500 2017/12/23 19:45:00
ene 29, 2018 10:52:12 PM player.Test analyzePeriods
INFORMACIÓN: [Coin - SELL] NEOETH 0,08549000 2017/12/24 11:15:00
ene 29, 2018 10:52:12 PM player.Test analyzePeriods
INFORMACIÓN: [Coin - BUY] NEOETH 0,08599200 2017/12/24 13:45:00
ene 29, 2018 10:52:12 PM player.Test analyzePeriods
INFORMACIÓN: [Coin - SELL] NEOETH 0,08724900 2017/12/24 21:00:00
ene 29, 2018 10:52:12 PM player.Test analyzePeriods
INFORMACIÓN: [Coin - BUY] NEOETH 0,08791300 2017/12/24 21:30:00
ene 29, 2018 10:52:12 PM player.Test analyzePeriods
INFORMACIÓN: [Coin - SELL] NEOETH 0,08866000 2017/12/24 21:45:00
ene 29, 2018 10:52:12 PM player.Test analyzePeriods
INFORMACIÓN: [Coin - BUY] NEOETH 0,08797400 2017/12/25 00:30:00
ene 29, 2018 10:52:12 PM player.Test analyzePeriods
INFORMACIÓN: [Coin - SELL] NEOETH 0,08354600 2017/12/25 12:30:00
ene 29, 2018 10:52:12 PM player.Test analyzePeriods
INFORMACIÓN: [Coin - SELL] NEOETH 0,08751300 2017/12/26 05:00:00
ene 29, 2018 10:52:13 PM player.Test analyzePeriods
INFORMACIÓN: [Coin - SELL] NEOETH 0,08450000 2017/12/27 03:00:00
ene 29, 2018 10:52:13 PM player.Test analyzePeriods
INFORMACIÓN: [Coin - BUY] NEOETH 0,08577900 2017/12/27 05:15:00
ene 29, 2018 10:52:13 PM player.Test analyzePeriods
INFORMACIÓN: [Coin - SELL] NEOETH 0,08449900 2017/12/27 05:30:00
ene 29, 2018 10:52:13 PM player.Test analyzePeriods
INFORMACIÓN: [Coin - SELL] NEOETH 0,08830800 2017/12/27 12:15:00
ene 29, 2018 10:52:13 PM player.Test analyzePeriods
INFORMACIÓN: [Coin - BUY] NEOETH 0,09087700 2017/12/27 14:30:00
ene 29, 2018 10:52:13 PM player.Test analyzePeriods
INFORMACIÓN: [Coin - SELL] NEOETH 0,08936500 2017/12/27 16:15:00
ene 29, 2018 10:52:13 PM player.Test analyzePeriods
INFORMACIÓN: [Coin - SELL] NEOETH 0,08925200 2017/12/28 03:00:00
ene 29, 2018 10:52:13 PM player.Test analyzePeriods
INFORMACIÓN: [Coin - SELL] NEOETH 0,08677500 2017/12/28 13:00:00
ene 29, 2018 10:52:13 PM player.Test analyzePeriods
INFORMACIÓN: [Coin - BUY] NEOETH 0,08803500 2017/12/28 13:30:00
ene 29, 2018 10:52:13 PM player.Test analyzePeriods
INFORMACIÓN: [Coin - SELL] NEOETH 0,08650400 2017/12/28 16:15:00
ene 29, 2018 10:52:13 PM player.Test analyzePeriods
INFORMACIÓN: [Coin - SELL] NEOETH 0,08998700 2017/12/29 01:30:00
ene 29, 2018 10:52:13 PM player.Test analyzePeriods
INFORMACIÓN: [Coin - BUY] NEOETH 0,09177300 2017/12/29 04:45:00
ene 29, 2018 10:52:13 PM player.Test analyzePeriods
INFORMACIÓN: [Coin - BUY] NEOETH 0,09244900 2017/12/29 17:15:00
ene 29, 2018 10:52:13 PM player.Test analyzePeriods
INFORMACIÓN: [Coin - SELL] NEOETH 0,09393600 2017/12/30 03:00:00
ene 29, 2018 10:52:13 PM player.Test analyzePeriods
INFORMACIÓN: [Coin - SELL] NEOETH 0,09596300 2017/12/30 15:00:00
