ene 29, 2018 10:47:23 PM player.Test initializeLog
INFORMACIÓN: Initializing
ene 29, 2018 10:47:26 PM player.Test analyzePeriods
INFORMACIÓN: [Coin - SELL] XVGETH 0,00001313 2017/12/01 13:30:00
ene 29, 2018 10:47:26 PM player.Test analyzePeriods
INFORMACIÓN: [Coin - SELL] XVGETH 0,00001349 2017/12/02 01:00:00
ene 29, 2018 10:47:26 PM player.Test analyzePeriods
INFORMACIÓN: [Coin - SELL] XVGETH 0,00001309 2017/12/02 17:45:00
ene 29, 2018 10:47:26 PM player.Test analyzePeriods
INFORMACIÓN: [Coin - BUY] XVGETH 0,00001350 2017/12/02 20:00:00
ene 29, 2018 10:47:26 PM player.Test analyzePeriods
INFORMACIÓN: [Coin - SELL] XVGETH 0,00001353 2017/12/03 02:30:00
ene 29, 2018 10:47:26 PM player.Test analyzePeriods
INFORMACIÓN: [Coin - SELL] XVGETH 0,00001502 2017/12/03 20:00:00
ene 29, 2018 10:47:26 PM player.Test analyzePeriods
INFORMACIÓN: [Coin - SELL] XVGETH 0,00001664 2017/12/04 13:00:00
ene 29, 2018 10:47:26 PM player.Test analyzePeriods
INFORMACIÓN: [Coin - BUY] XVGETH 0,00001684 2017/12/04 13:45:00
ene 29, 2018 10:47:26 PM player.Test analyzePeriods
INFORMACIÓN: [Coin - SELL] XVGETH 0,00001654 2017/12/04 14:30:00
ene 29, 2018 10:47:26 PM player.Test analyzePeriods
INFORMACIÓN: [Coin - SELL] XVGETH 0,00001683 2017/12/04 21:45:00
ene 29, 2018 10:47:26 PM player.Test analyzePeriods
INFORMACIÓN: [Coin - SELL] XVGETH 0,00001801 2017/12/05 07:00:00
ene 29, 2018 10:47:27 PM player.Test analyzePeriods
INFORMACIÓN: [Coin - SELL] XVGETH 0,00001678 2017/12/06 06:15:00
ene 29, 2018 10:47:27 PM player.Test analyzePeriods
INFORMACIÓN: [Coin - BUY] XVGETH 0,00001766 2017/12/06 17:00:00
ene 29, 2018 10:47:27 PM player.Test analyzePeriods
INFORMACIÓN: [Coin - SELL] XVGETH 0,00001793 2017/12/07 03:15:00
ene 29, 2018 10:47:27 PM player.Test analyzePeriods
INFORMACIÓN: [Coin - BUY] XVGETH 0,00002018 2017/12/07 05:30:00
ene 29, 2018 10:47:27 PM player.Test analyzePeriods
INFORMACIÓN: [Coin - SELL] XVGETH 0,00002011 2017/12/07 10:00:00
ene 29, 2018 10:47:27 PM player.Test analyzePeriods
INFORMACIÓN: [Coin - BUY] XVGETH 0,00002049 2017/12/07 10:15:00
ene 29, 2018 10:47:27 PM player.Test analyzePeriods
INFORMACIÓN: [Coin - SELL] XVGETH 0,00002051 2017/12/07 13:45:00
ene 29, 2018 10:47:27 PM player.Test analyzePeriods
INFORMACIÓN: [Coin - BUY] XVGETH 0,00002121 2017/12/07 15:00:00
ene 29, 2018 10:47:27 PM player.Test analyzePeriods
INFORMACIÓN: [Coin - SELL] XVGETH 0,00001944 2017/12/07 17:30:00
ene 29, 2018 10:47:27 PM player.Test analyzePeriods
INFORMACIÓN: [Coin - SELL] XVGETH 0,00001956 2017/12/08 04:15:00
ene 29, 2018 10:47:27 PM player.Test analyzePeriods
INFORMACIÓN: [Coin - SELL] XVGETH 0,00001877 2017/12/09 03:45:00
ene 29, 2018 10:47:27 PM player.Test analyzePeriods
INFORMACIÓN: [Coin - SELL] XVGETH 0,00001814 2017/12/10 02:30:00
ene 29, 2018 10:47:27 PM player.Test analyzePeriods
INFORMACIÓN: [Coin - SELL] XVGETH 0,00001760 2017/12/10 18:00:00
ene 29, 2018 10:47:27 PM player.Test analyzePeriods
INFORMACIÓN: [Coin - SELL] XVGETH 0,00001832 2017/12/11 05:45:00
ene 29, 2018 10:47:28 PM player.Test analyzePeriods
INFORMACIÓN: [Coin - SELL] XVGETH 0,00001934 2017/12/11 15:45:00
ene 29, 2018 10:47:28 PM player.Test analyzePeriods
INFORMACIÓN: [Coin - SELL] XVGETH 0,00001728 2017/12/12 13:15:00
ene 29, 2018 10:47:28 PM player.Test analyzePeriods
INFORMACIÓN: [Coin - SELL] XVGETH 0,00001362 2017/12/13 00:30:00
ene 29, 2018 10:47:28 PM player.Test analyzePeriods
INFORMACIÓN: [Coin - SELL] XVGETH 0,00001466 2017/12/13 07:45:00
ene 29, 2018 10:47:28 PM player.Test analyzePeriods
INFORMACIÓN: [Coin - BUY] XVGETH 0,00001541 2017/12/13 09:30:00
ene 29, 2018 10:47:28 PM player.Test analyzePeriods
INFORMACIÓN: [Coin - SELL] XVGETH 0,00002054 2017/12/14 01:30:00
ene 29, 2018 10:47:28 PM player.Test analyzePeriods
INFORMACIÓN: [Coin - SELL] XVGETH 0,00002526 2017/12/14 16:15:00
ene 29, 2018 10:47:28 PM player.Test analyzePeriods
INFORMACIÓN: [Coin - BUY] XVGETH 0,00002590 2017/12/14 18:30:00
ene 29, 2018 10:47:28 PM player.Test analyzePeriods
INFORMACIÓN: [Coin - SELL] XVGETH 0,00002698 2017/12/15 02:00:00
ene 29, 2018 10:47:28 PM player.Test analyzePeriods
INFORMACIÓN: [Coin - SELL] XVGETH 0,00002748 2017/12/15 22:15:00
ene 29, 2018 10:47:28 PM player.Test analyzePeriods
INFORMACIÓN: [Coin - SELL] XVGETH 0,00003680 2017/12/16 14:30:00
ene 29, 2018 10:47:28 PM player.Test analyzePeriods
INFORMACIÓN: [Coin - BUY] XVGETH 0,00004299 2017/12/16 16:30:00
ene 29, 2018 10:47:28 PM player.Test analyzePeriods
INFORMACIÓN: [Coin - SELL] XVGETH 0,00006050 2017/12/17 01:00:00
ene 29, 2018 10:47:28 PM player.Test analyzePeriods
INFORMACIÓN: [Coin - BUY] XVGETH 0,00007572 2017/12/17 02:30:00
ene 29, 2018 10:47:28 PM player.Test analyzePeriods
INFORMACIÓN: [Coin - SELL] XVGETH 0,00007024 2017/12/17 06:30:00
ene 29, 2018 10:47:28 PM player.Test analyzePeriods
INFORMACIÓN: [Coin - BUY] XVGETH 0,00009202 2017/12/17 09:45:00
ene 29, 2018 10:47:28 PM player.Test analyzePeriods
INFORMACIÓN: [Coin - SELL] XVGETH 0,00009117 2017/12/17 14:30:00
ene 29, 2018 10:47:29 PM player.Test analyzePeriods
INFORMACIÓN: [Coin - BUY] XVGETH 0,00007897 2017/12/18 05:00:00
ene 29, 2018 10:47:29 PM player.Test analyzePeriods
INFORMACIÓN: [Coin - SELL] XVGETH 0,00007866 2017/12/18 09:30:00
ene 29, 2018 10:47:29 PM player.Test analyzePeriods
INFORMACIÓN: [Coin - SELL] XVGETH 0,00007388 2017/12/19 00:30:00
ene 29, 2018 10:47:29 PM player.Test analyzePeriods
INFORMACIÓN: [Coin - BUY] XVGETH 0,00007649 2017/12/19 02:00:00
ene 29, 2018 10:47:29 PM player.Test analyzePeriods
INFORMACIÓN: [Coin - SELL] XVGETH 0,00007457 2017/12/19 05:45:00
ene 29, 2018 10:47:29 PM player.Test analyzePeriods
INFORMACIÓN: [Coin - SELL] XVGETH 0,00008949 2017/12/19 22:45:00
ene 29, 2018 10:47:29 PM player.Test analyzePeriods
INFORMACIÓN: [Coin - BUY] XVGETH 0,00010500 2017/12/20 00:30:00
ene 29, 2018 10:47:29 PM player.Test analyzePeriods
INFORMACIÓN: [Coin - SELL] XVGETH 0,00008690 2017/12/20 02:45:00
ene 29, 2018 10:47:29 PM player.Test analyzePeriods
INFORMACIÓN: [Coin - SELL] XVGETH 0,00014800 2017/12/20 17:15:00
ene 29, 2018 10:47:29 PM player.Test analyzePeriods
INFORMACIÓN: [Coin - BUY] XVGETH 0,00017180 2017/12/20 19:45:00
ene 29, 2018 10:47:29 PM player.Test analyzePeriods
INFORMACIÓN: [Coin - SELL] XVGETH 0,00018365 2017/12/21 00:45:00
ene 29, 2018 10:47:29 PM player.Test analyzePeriods
INFORMACIÓN: [Coin - BUY] XVGETH 0,00019687 2017/12/21 02:30:00
ene 29, 2018 10:47:29 PM player.Test analyzePeriods
INFORMACIÓN: [Coin - SELL] XVGETH 0,00018130 2017/12/21 05:30:00
ene 29, 2018 10:47:29 PM player.Test analyzePeriods
INFORMACIÓN: [Coin - BUY] XVGETH 0,00016002 2017/12/22 00:00:00
ene 29, 2018 10:47:29 PM player.Test analyzePeriods
INFORMACIÓN: [Coin - SELL] XVGETH 0,00019449 2017/12/23 02:15:00
ene 29, 2018 10:47:29 PM player.Test analyzePeriods
INFORMACIÓN: [Coin - BUY] XVGETH 0,00020000 2017/12/23 03:15:00
ene 29, 2018 10:47:29 PM player.Test analyzePeriods
INFORMACIÓN: [Coin - SELL] XVGETH 0,00022984 2017/12/23 09:00:00
ene 29, 2018 10:47:29 PM player.Test analyzePeriods
INFORMACIÓN: [Coin - BUY] XVGETH 0,00025468 2017/12/23 10:00:00
ene 29, 2018 10:47:30 PM player.Test analyzePeriods
INFORMACIÓN: [Coin - SELL] XVGETH 0,00035300 2017/12/24 00:00:00
ene 29, 2018 10:47:30 PM player.Test analyzePeriods
INFORMACIÓN: [Coin - BUY] XVGETH 0,00035112 2017/12/24 03:00:00
ene 29, 2018 10:47:30 PM player.Test analyzePeriods
INFORMACIÓN: [Coin - SELL] XVGETH 0,00037100 2017/12/24 12:45:00
ene 29, 2018 10:47:30 PM player.Test analyzePeriods
INFORMACIÓN: [Coin - SELL] XVGETH 0,00034698 2017/12/25 02:00:00
ene 29, 2018 10:47:30 PM player.Test analyzePeriods
INFORMACIÓN: [Coin - SELL] XVGETH 0,00023042 2017/12/26 13:00:00
ene 29, 2018 10:47:30 PM player.Test analyzePeriods
INFORMACIÓN: [Coin - SELL] XVGETH 0,00025002 2017/12/27 03:45:00
ene 29, 2018 10:47:30 PM player.Test analyzePeriods
INFORMACIÓN: [Coin - SELL] XVGETH 0,00018314 2017/12/28 13:30:00
ene 29, 2018 10:47:30 PM player.Test analyzePeriods
INFORMACIÓN: [Coin - SELL] XVGETH 0,00021961 2017/12/29 03:00:00
ene 29, 2018 10:47:30 PM player.Test analyzePeriods
INFORMACIÓN: [Coin - BUY] XVGETH 0,00022329 2017/12/29 06:15:00
ene 29, 2018 10:47:30 PM player.Test analyzePeriods
INFORMACIÓN: [Coin - SELL] XVGETH 0,00021800 2017/12/29 23:45:00
ene 29, 2018 10:47:31 PM player.Test analyzePeriods
INFORMACIÓN: [Coin - BUY] XVGETH 0,00020868 2017/12/30 16:45:00
ene 29, 2018 10:47:31 PM player.Test analyzePeriods
INFORMACIÓN: [Coin - SELL] XVGETH 0,00020397 2017/12/30 20:30:00
